<?xml version="1.0" encoding="UTF-8"?>
<!-- Generated by org.testng.reporters.JUnitXMLReporter -->
<testsuite hostname="E0268539" ignored="1" name="testng" tests="3" failures="0" timestamp="24 May 2018 15:24:26 GMT" time="0.083" errors="0">
  <testcase name="f3" time="0.018" classname="testng.AnnotationSequenceChecking"/>
  <testcase name="f" time="0.002" classname="testng.AnnotationSequenceChecking"/>
  <testcase name="f1" time="0.002" classname="testng.AnnotationSequenceChecking"/>
  <testcase name="Test" time="0.0" classname="testng.NewTest">
    <ignored/>
  </testcase> <!-- Test -->
</testsuite> <!-- testng -->
