<?xml version="1.0" encoding="UTF-8"?>
<!-- Generated by org.testng.reporters.JUnitXMLReporter -->
<testsuite hostname="E0268539" ignored="0" name="Default test" tests="3" failures="0" timestamp="06 Aug 2018 10:40:58 GMT" time="0.066" errors="0">
  <testcase name="test1" time="0.007" classname="testng.AnnotationSequenceChecking"/>
  <testcase name="test2" time="0.003" classname="testng.AnnotationSequenceChecking"/>
  <testcase name="test3" time="0.003" classname="testng.AnnotationSequenceChecking"/>
</testsuite> <!-- Default test -->
