<?xml version="1.0" encoding="UTF-8"?>
<testng-results skipped="0" failed="0" ignored="0" total="3" passed="3">
  <reporter-output>
  </reporter-output>
  <suite name="Default suite" duration-ms="66" started-at="2018-08-06T10:40:58Z" finished-at="2018-08-06T10:40:58Z">
    <groups>
    </groups>
    <test name="Default test" duration-ms="66" started-at="2018-08-06T10:40:58Z" finished-at="2018-08-06T10:40:58Z">
      <class name="testng.AnnotationSequenceChecking">
        <test-method status="PASS" signature="beforeTest()[pri:0, instance:testng.AnnotationSequenceChecking@14acaea5]" name="beforeTest" is-config="true" duration-ms="13" started-at="2018-08-06T10:40:58Z" finished-at="2018-08-06T10:40:58Z">
          <reporter-output>
          </reporter-output>
        </test-method> <!-- beforeTest -->
        <test-method status="PASS" signature="beforeMethod()[pri:0, instance:testng.AnnotationSequenceChecking@14acaea5]" name="beforeMethod" is-config="true" duration-ms="0" started-at="2018-08-06T10:40:58Z" finished-at="2018-08-06T10:40:58Z">
          <reporter-output>
          </reporter-output>
        </test-method> <!-- beforeMethod -->
        <test-method status="PASS" signature="test1()[pri:0, instance:testng.AnnotationSequenceChecking@14acaea5]" name="test1" duration-ms="7" started-at="2018-08-06T10:40:58Z" finished-at="2018-08-06T10:40:58Z">
          <reporter-output>
          </reporter-output>
        </test-method> <!-- test1 -->
        <test-method status="PASS" signature="afterMethod()[pri:0, instance:testng.AnnotationSequenceChecking@14acaea5]" name="afterMethod" is-config="true" duration-ms="1" started-at="2018-08-06T10:40:58Z" finished-at="2018-08-06T10:40:58Z">
          <reporter-output>
          </reporter-output>
        </test-method> <!-- afterMethod -->
        <test-method status="PASS" signature="test2()[pri:0, instance:testng.AnnotationSequenceChecking@14acaea5]" name="test2" duration-ms="3" started-at="2018-08-06T10:40:58Z" finished-at="2018-08-06T10:40:58Z">
          <reporter-output>
          </reporter-output>
        </test-method> <!-- test2 -->
        <test-method status="PASS" signature="beforeMethod()[pri:0, instance:testng.AnnotationSequenceChecking@14acaea5]" name="beforeMethod" is-config="true" duration-ms="0" started-at="2018-08-06T10:40:58Z" finished-at="2018-08-06T10:40:58Z">
          <reporter-output>
          </reporter-output>
        </test-method> <!-- beforeMethod -->
        <test-method status="PASS" signature="afterMethod()[pri:0, instance:testng.AnnotationSequenceChecking@14acaea5]" name="afterMethod" is-config="true" duration-ms="1" started-at="2018-08-06T10:40:58Z" finished-at="2018-08-06T10:40:58Z">
          <reporter-output>
          </reporter-output>
        </test-method> <!-- afterMethod -->
        <test-method status="PASS" signature="beforeMethod()[pri:0, instance:testng.AnnotationSequenceChecking@14acaea5]" name="beforeMethod" is-config="true" duration-ms="0" started-at="2018-08-06T10:40:58Z" finished-at="2018-08-06T10:40:58Z">
          <reporter-output>
          </reporter-output>
        </test-method> <!-- beforeMethod -->
        <test-method status="PASS" signature="test3()[pri:0, instance:testng.AnnotationSequenceChecking@14acaea5]" name="test3" duration-ms="3" started-at="2018-08-06T10:40:58Z" finished-at="2018-08-06T10:40:58Z">
          <reporter-output>
          </reporter-output>
        </test-method> <!-- test3 -->
        <test-method status="PASS" signature="afterMethod()[pri:0, instance:testng.AnnotationSequenceChecking@14acaea5]" name="afterMethod" is-config="true" duration-ms="0" started-at="2018-08-06T10:40:58Z" finished-at="2018-08-06T10:40:58Z">
          <reporter-output>
          </reporter-output>
        </test-method> <!-- afterMethod -->
        <test-method status="PASS" signature="afterTest()[pri:0, instance:testng.AnnotationSequenceChecking@14acaea5]" name="afterTest" is-config="true" duration-ms="0" started-at="2018-08-06T10:40:58Z" finished-at="2018-08-06T10:40:58Z">
          <reporter-output>
          </reporter-output>
        </test-method> <!-- afterTest -->
      </class> <!-- testng.AnnotationSequenceChecking -->
    </test> <!-- Default test -->
  </suite> <!-- Default suite -->
</testng-results>
